<?xml version="1.0" encoding="UTF-8"?>
<testng-results ignored="0" total="1" passed="1" failed="0" skipped="0">
  <reporter-output>
  </reporter-output>
  <suite started-at="2023-03-08T12:57:25 CST" name="Default suite" finished-at="2023-03-08T12:57:31 CST" duration-ms="6272">
    <groups>
    </groups>
    <test started-at="2023-03-08T12:57:25 CST" name="Default test" finished-at="2023-03-08T12:57:31 CST" duration-ms="6272">
      <class name="basicPgm.MyFirstSamplePgm">
        <test-method signature="sample()[pri:0, instance:basicPgm.MyFirstSamplePgm@7a419da4]" started-at="2023-03-08T12:57:25 CST" name="sample" finished-at="2023-03-08T12:57:31 CST" duration-ms="6214" status="PASS">
          <reporter-output>
          </reporter-output>
        </test-method> <!-- sample -->
      </class> <!-- basicPgm.MyFirstSamplePgm -->
    </test> <!-- Default test -->
  </suite> <!-- Default suite -->
</testng-results>
